<?xml version="1.0" encoding="UTF-8" ?>
<testsuite errors="0" failures="1" hostname="LAPTOP-37F339O8" name="library.staff.LibraryTest" skipped="0" tests="12" time="0.083" timestamp="2022-04-12T16:47:36">
  <properties>
    <property name="java.vendor" value="Oracle Corporation" />
    <property name="sun.java.launcher" value="SUN_STANDARD" />
    <property name="sun.management.compiler" value="HotSpot 64-Bit Tiered Compilers" />
    <property name="build.sysclasspath" value="ignore" />
    <property name="os.name" value="Windows 10" />
    <property name="sun.boot.class.path" value="C:\Program Files\Java\jdk1.8.0_281\jre\lib\resources.jar;C:\Program Files\Java\jdk1.8.0_281\jre\lib\rt.jar;C:\Program Files\Java\jdk1.8.0_281\jre\lib\sunrsasign.jar;C:\Program Files\Java\jdk1.8.0_281\jre\lib\jsse.jar;C:\Program Files\Java\jdk1.8.0_281\jre\lib\jce.jar;C:\Program Files\Java\jdk1.8.0_281\jre\lib\charsets.jar;C:\Program Files\Java\jdk1.8.0_281\jre\lib\jfr.jar;C:\Program Files\Java\jdk1.8.0_281\jre\classes" />
    <property name="user.country.format" value="PK" />
    <property name="sun.desktop" value="windows" />
    <property name="final.grading" value="true" />
    <property name="java.vm.specification.vendor" value="Oracle Corporation" />
    <property name="ant.home" value="D:\Softwares\eclipse-java-2021-03-R-win32-x86_64\eclipse\plugins\org.apache.ant_1.10.9.v20201106-1946" />
    <property name="java.runtime.version" value="1.8.0_281-b09" />
    <property name="user.name" value="furru" />
    <property name="ant.build.javac.target" value="1.8" />
    <property name="user.language" value="en" />
    <property name="sun.boot.library.path" value="C:\Program Files\Java\jdk1.8.0_281\jre\bin" />
    <property name="grader.report.file" value="my-grader-report.xml" />
    <property name="ant.project.default-target" value="all" />
    <property name="java.version" value="1.8.0_281" />
    <property name="user.timezone" value="" />
    <property name="sun.arch.data.model" value="64" />
    <property name="java.endorsed.dirs" value="C:\Program Files\Java\jdk1.8.0_281\jre\lib\endorsed" />
    <property name="sun.cpu.isalist" value="amd64" />
    <property name="sun.jnu.encoding" value="Cp1252" />
    <property name="file.encoding.pkg" value="sun.io" />
    <property name="file.separator" value="\" />
    <property name="java.specification.name" value="Java Platform API Specification" />
    <property name="java.class.version" value="52.0" />
    <property name="user.country" value="US" />
    <property name="java.home" value="C:\Program Files\Java\jdk1.8.0_281\jre" />
    <property name="java.vm.info" value="mixed mode" />
    <property name="ant.file" value="C:\Users\furru\eclipse-workspace\ps3-library\grader.xml" />
    <property name="os.version" value="10.0" />
    <property name="final.grader.jar" value="ps3-final-grader.jar" />
    <property name="path.separator" value=";" />
    <property name="java.vm.version" value="25.281-b09" />
    <property name="user.variant" value="" />
    <property name="ant.library.dir" value="D:\Softwares\eclipse-java-2021-03-R-win32-x86_64\eclipse\plugins\org.apache.ant_1.10.9.v20201106-1946\lib" />
    <property name="java.awt.printerjob" value="sun.awt.windows.WPrinterJob" />
    <property name="sun.io.unicode.encoding" value="UnicodeLittle" />
    <property name="awt.toolkit" value="sun.awt.windows.WToolkit" />
    <property name="user.script" value="" />
    <property name="user.home" value="C:\Users\furru" />
    <property name="java.specification.vendor" value="Oracle Corporation" />
    <property name="which.tests.ran" value="BETA + FINAL" />
    <property name="java.library.path" value="C:\Program Files\Java\jdk1.8.0_281\jre\bin;C:\WINDOWS\Sun\Java\bin;C:\WINDOWS\system32;C:\WINDOWS;D:/Softwares/eclipse-java-2021-03-R-win32-x86_64/eclipse//plugins/org.eclipse.justj.openjdk.hotspot.jre.full.win32.x86_64_15.0.2.v20210201-0955/jre/bin/server;D:/Softwares/eclipse-java-2021-03-R-win32-x86_64/eclipse//plugins/org.eclipse.justj.openjdk.hotspot.jre.full.win32.x86_64_15.0.2.v20210201-0955/jre/bin;C:\Program Files (x86)\Common Files\Oracle\Java\javapath;C:\Python310\Scripts\;C:\Python310\;C:\Program Files (x86)\Intel\iCLS Client\;C:\Program Files\Intel\iCLS Client\;C:\WINDOWS\system32;C:\WINDOWS;C:\WINDOWS\System32\Wbem;C:\WINDOWS\System32\WindowsPowerShell\v1.0\;C:\WINDOWS\System32\OpenSSH\;C:\Program Files (x86)\Intel\Intel(R) Management Engine Components\DAL;C:\Program Files\Intel\Intel(R) Management Engine Components\DAL;C:\Program Files (x86)\Intel\Intel(R) Management Engine Components\IPT;C:\Program Files\Intel\Intel(R) Management Engine Components\IPT;C:\Program Files\Intel\WiFi\bin\;C:\Program Files\Common Files\Intel\WirelessCommon\;C:\ProgramData\chocolatey\bin;C:\Program Files\nodejs\;C:\ProgramData\ComposerSetup\bin;C:\Users\furru\AppData\Local\Microsoft\WindowsApps;C:\Users\furru\AppData\Local\Programs\Microsoft VS Code\bin;C:\Users\furru\AppData\Local\atom\bin;C:\Users\furru\AppData\Local\Android\Sdk\platform-tools;C:\Users\furru\AppData\Local\Android\Sdk;C:\Users\furru\AppData\Roaming\npm;D:\xampp\php\;C:\Users\furru\AppData\Roaming\Composer\vendor\bin;C:\Users\furru\AppData\Local\Microsoft\WindowsApps;C:\Program Files\heroku\bin;D:\Softwares\eclipse-java-2021-03-R-win32-x86_64\eclipse;;." />
    <property name="java.vendor.url" value="http://java.oracle.com/" />
    <property name="java.vm.vendor" value="Oracle Corporation" />
    <property name="java.runtime.name" value="Java(TM) SE Runtime Environment" />
    <property name="beta.grader.jar" value="ps3-beta-grader.jar" />
    <property name="sun.java.command" value="org.apache.tools.ant.taskdefs.optional.junit.JUnitTestRunner library.staff.LibraryTest skipNonTests=false filtertrace=true haltOnError=false haltOnFailure=false showoutput=false outputtoformatters=true logfailedtests=true threadid=0 logtestlistenerevents=false formatter=org.apache.tools.ant.taskdefs.optional.junit.XMLJUnitResultFormatter,C:\Users\furru\eclipse-workspace\ps3-library\.grader\TEST-library.staff.LibraryTest.xml crashfile=C:\Users\furru\eclipse-workspace\ps3-library\.grader\junitvmwatcher2673349155621793703.properties propsfile=C:\Users\furru\eclipse-workspace\ps3-library\.grader\junit8379592790665968353.properties" />
    <property name="java.class.path" value="C:\Users\furru\eclipse-workspace\ps3-library\lib\junit-4.12.jar;C:\Users\furru\eclipse-workspace\ps3-library\lib\hamcrest-core-1.3.jar;C:\Users\furru\eclipse-workspace\ps3-library\.grader\bin-tests-final;C:\Users\furru\eclipse-workspace\ps3-library\.grader\bin-student;D:\Softwares\eclipse-java-2021-03-R-win32-x86_64\eclipse\plugins\org.apache.ant_1.10.9.v20201106-1946\lib\ant-launcher.jar;D:\Softwares\eclipse-java-2021-03-R-win32-x86_64\eclipse\plugins\org.apache.ant_1.10.9.v20201106-1946\lib\ant.jar;D:\Softwares\eclipse-java-2021-03-R-win32-x86_64\eclipse\plugins\org.apache.ant_1.10.9.v20201106-1946\lib\ant-junit.jar;D:\Softwares\eclipse-java-2021-03-R-win32-x86_64\eclipse\plugins\org.apache.ant_1.10.9.v20201106-1946\lib\ant-junit4.jar" />
    <property name="ant.version" value="Apache Ant(TM) version 1.10.9 compiled on September 27 2020" />
    <property name="project.name" value="ps3-library" />
    <property name="java.vm.specification.name" value="Java Virtual Machine Specification" />
    <property name="java.vm.specification.version" value="1.8" />
    <property name="sun.cpu.endian" value="little" />
    <property name="didit.desc" value="Running our tests against your implementation" />
    <property name="sun.os.patch.level" value="" />
    <property name="java.io.tmpdir" value="C:\Users\furru\AppData\Local\Temp\" />
    <property name="java.vendor.url.bug" value="http://bugreport.sun.com/bugreport/" />
    <property name="os.arch" value="amd64" />
    <property name="java.awt.graphicsenv" value="sun.awt.Win32GraphicsEnvironment" />
    <property name="java.ext.dirs" value="C:\Program Files\Java\jdk1.8.0_281\jre\lib\ext;C:\WINDOWS\Sun\Java\lib\ext" />
    <property name="user.dir" value="C:\Users\furru\eclipse-workspace\ps3-library" />
    <property name="line.separator" value="&#xd;&#xa;" />
    <property name="zipfile" value="my-submission.zip" />
    <property name="java.vm.name" value="Java HotSpot(TM) 64-Bit Server VM" />
    <property name="problem.set" value="ps3" />
    <property name="basedir" value="C:\Users\furru\eclipse-workspace\ps3-library" />
    <property name="ant.java.version" value="1.8" />
    <property name="ant.core.lib" value="D:\Softwares\eclipse-java-2021-03-R-win32-x86_64\eclipse\plugins\org.apache.ant_1.10.9.v20201106-1946\lib\ant.jar" />
    <property name="file.encoding" value="Cp1252" />
    <property name="java.specification.version" value="1.8" />
    <property name="grader.dir" value=".grader" />
    <property name="ant.project.invoked-targets" value="all" />
  </properties>
  <testcase classname="library.staff.LibraryTest" name="testDifferentObjectsRepresentingSameBook[library.SmallLibrary]" time="0.008">
    <failure message="allCopies() must return books that it owns even when passed a fresh Book() object expected:&lt;1&gt; but was:&lt;0&gt;" type="junit.framework.AssertionFailedError">junit.framework.AssertionFailedError: allCopies() must return books that it owns even when passed a fresh Book() object expected:&lt;1&gt; but was:&lt;0&gt;
	at library.staff.LibraryTest.testDifferentObjectsRepresentingSameBook(LibraryTest.java:68)
</failure>
  </testcase>
  <testcase classname="library.staff.LibraryTest" name="testFindAfterLosingLastCopy[library.SmallLibrary]" time="0.001" />
  <testcase classname="library.staff.LibraryTest" name="testFindAfterLosingAndRebuyingBook[library.SmallLibrary]" time="0.0" />
  <testcase classname="library.staff.LibraryTest" name="testRepExposureInAllCopies[library.SmallLibrary]" time="0.0" />
  <testcase classname="library.staff.LibraryTest" name="testRepExposureInAvailableCopies[library.SmallLibrary]" time="0.0" />
  <testcase classname="library.staff.LibraryTest" name="testRepExposureInFind[library.SmallLibrary]" time="0.001" />
  <testcase classname="library.staff.LibraryTest" name="testDifferentObjectsRepresentingSameBook[library.BigLibrary]" time="0.001" />
  <testcase classname="library.staff.LibraryTest" name="testFindAfterLosingLastCopy[library.BigLibrary]" time="0.002" />
  <testcase classname="library.staff.LibraryTest" name="testFindAfterLosingAndRebuyingBook[library.BigLibrary]" time="0.0" />
  <testcase classname="library.staff.LibraryTest" name="testRepExposureInAllCopies[library.BigLibrary]" time="0.0" />
  <testcase classname="library.staff.LibraryTest" name="testRepExposureInAvailableCopies[library.BigLibrary]" time="0.0" />
  <testcase classname="library.staff.LibraryTest" name="testRepExposureInFind[library.BigLibrary]" time="0.001" />
  <system-out><![CDATA[Equals hitting
Equals hitting
Title is : The Grapes of Wrath
Set at the end of if 
[]
Title is : The Grapes of Wrath
Set at the end of if 
[Title: The Grapes of Wrath
Authors: John Steinbeck
Year : 1939]
LIST before RETURNED :[Title: The Grapes of Wrath
Authors: John Steinbeck
Year : 1939]
Title is : The Grapes of Wrath
Set at the end of if 
[]
LIST before RETURNED :[Title: The Grapes of Wrath
Authors: John Steinbeck
Year : 1939]
LIST before RETURNED :[]
Title is : Cannery Row
Set at the end of if 
[]
LIST before RETURNED :[Title: Cannery Row
Authors: John Steinbeck
Year : 1945]
LIST before RETURNED :[]
Title is : Cannery Row
Set at the end of if 
[]
LIST before RETURNED :[Title: Cannery Row
Authors: John Steinbeck
Year : 1945]
Title is : HMS Surprise
Set at the end of if 
[]
LIST before RETURNED :[Title: HMS Surprise
Authors: Patrick O'Brian
Year : 1973]
Title is : HMS Surprise
Set at the end of if 
[]
LIST before RETURNED :[Title: HMS Surprise
Authors: Patrick O'Brian
Year : 1973]
Title is : HMS Surprise
Set at the end of if 
[]
LIST before RETURNED :[Title: HMS Surprise
Authors: Patrick O'Brian
Year : 1973]
queryWord: The
Single word in title: The
queryWord == wordInTitle
queryWord: Grapes
Single word in title: The
Single word in title: Grapes
queryWord == wordInTitle
queryWord: of
Single word in title: The
Single word in title: Grapes
Single word in title: of
queryWord == wordInTitle
queryWord: Wrath
Single word in title: The
Single word in title: Grapes
Single word in title: of
Single word in title: Wrath
queryWord == wordInTitle
testResult: {Title: The Grapes of Wrath
Authors: John Steinbeck
Year : 1939=4}
intermediateState before sort[Title: The Grapes of Wrath
Authors: John Steinbeck
Year : 1939]
intermediateState After sort[Title: The Grapes of Wrath
Authors: John Steinbeck
Year : 1939]
Book in loop:Title: The Grapes of Wrath
Authors: John Steinbeck
Year : 1939
Result before return[Title: The Grapes of Wrath
Authors: John Steinbeck
Year : 1939]
Equals hitting
Equals hitting
queryWord: The
Single word in title: The
queryWord == wordInTitle
queryWord: Grapes
Single word in title: The
Single word in title: Grapes
queryWord == wordInTitle
queryWord: of
Single word in title: The
Single word in title: Grapes
Single word in title: of
queryWord == wordInTitle
queryWord: Wrath
Single word in title: The
Single word in title: Grapes
Single word in title: of
Single word in title: Wrath
queryWord == wordInTitle
testResult: {Title: The Grapes of Wrath
Authors: John Steinbeck
Year : 1939=4}
intermediateState before sort[Title: The Grapes of Wrath
Authors: John Steinbeck
Year : 1939]
intermediateState After sort[Title: The Grapes of Wrath
Authors: John Steinbeck
Year : 1939]
Book in loop:Title: The Grapes of Wrath
Authors: John Steinbeck
Year : 1939
Result before return[Title: The Grapes of Wrath
Authors: John Steinbeck
Year : 1939]
Equals hitting
Equals hitting
testResult: {}
intermediateState before sort[]
intermediateState After sort[]
Result before return[]
queryWord: Cannery
Single word in title: Cannery
queryWord == wordInTitle
queryWord: Row
Single word in title: Cannery
Single word in title: Row
queryWord == wordInTitle
testResult: {Title: Cannery Row
Authors: John Steinbeck
Year : 1945=2}
intermediateState before sort[Title: Cannery Row
Authors: John Steinbeck
Year : 1945]
intermediateState After sort[Title: Cannery Row
Authors: John Steinbeck
Year : 1945]
Book in loop:Title: Cannery Row
Authors: John Steinbeck
Year : 1945
Result before return[Title: Cannery Row
Authors: John Steinbeck
Year : 1945]
Equals hitting
Equals hitting
testResult: {}
intermediateState before sort[]
intermediateState After sort[]
Result before return[]
queryWord: Cannery
Single word in title: Cannery
queryWord == wordInTitle
queryWord: Row
Single word in title: Cannery
Single word in title: Row
queryWord == wordInTitle
testResult: {Title: Cannery Row
Authors: John Steinbeck
Year : 1945=2}
intermediateState before sort[Title: Cannery Row
Authors: John Steinbeck
Year : 1945]
intermediateState After sort[Title: Cannery Row
Authors: John Steinbeck
Year : 1945]
Book in loop:Title: Cannery Row
Authors: John Steinbeck
Year : 1945
Result before return[Title: Cannery Row
Authors: John Steinbeck
Year : 1945]
queryWord: HMS
Single word in title: HMS
queryWord == wordInTitle
queryWord: Surprise
Single word in title: HMS
Single word in title: Surprise
queryWord == wordInTitle
testResult: {Title: HMS Surprise
Authors: Patrick O'Brian
Year : 1973=2}
intermediateState before sort[Title: HMS Surprise
Authors: Patrick O'Brian
Year : 1973]
intermediateState After sort[Title: HMS Surprise
Authors: Patrick O'Brian
Year : 1973]
Book in loop:Title: HMS Surprise
Authors: Patrick O'Brian
Year : 1973
Result before return[Title: HMS Surprise
Authors: Patrick O'Brian
Year : 1973]
queryWord: HMS
Single word in title: HMS
queryWord == wordInTitle
queryWord: Surprise
Single word in title: HMS
Single word in title: Surprise
queryWord == wordInTitle
testResult: {Title: HMS Surprise
Authors: Patrick O'Brian
Year : 1973=2}
intermediateState before sort[Title: HMS Surprise
Authors: Patrick O'Brian
Year : 1973]
intermediateState After sort[Title: HMS Surprise
Authors: Patrick O'Brian
Year : 1973]
Book in loop:Title: HMS Surprise
Authors: Patrick O'Brian
Year : 1973
Result before return[Title: HMS Surprise
Authors: Patrick O'Brian
Year : 1973]
queryWord: HMS
Single word in title: HMS
queryWord == wordInTitle
queryWord: Surprise
Single word in title: HMS
Single word in title: Surprise
queryWord == wordInTitle
testResult: {Title: HMS Surprise
Authors: Patrick O'Brian
Year : 1973=2}
intermediateState before sort[Title: HMS Surprise
Authors: Patrick O'Brian
Year : 1973]
intermediateState After sort[Title: HMS Surprise
Authors: Patrick O'Brian
Year : 1973]
Book in loop:Title: HMS Surprise
Authors: Patrick O'Brian
Year : 1973
Result before return[Title: HMS Surprise
Authors: Patrick O'Brian
Year : 1973]
]]></system-out>
  <system-err><![CDATA[]]></system-err>
</testsuite>
